<?xml version="1.0" encoding="UTF-8"?>
<testsuite xmlns:xsi="http://www.w3.org/2001/XMLSchema-instance" xsi:noNamespaceSchemaLocation="https://maven.apache.org/surefire/maven-surefire-plugin/xsd/surefire-test-report.xsd" name="br.com.apachecamel.ApachecamelApplicationTests" time="3.83" tests="1" errors="1" skipped="0" failures="0">
  <properties>
    <property name="java.specification.version" value="17"/>
    <property name="sun.cpu.isalist" value="amd64"/>
    <property name="sun.jnu.encoding" value="Cp1252"/>
    <property name="java.class.path" value="C:\Users\pedro\projects\apachecamel\target\test-classes;C:\Users\pedro\projects\apachecamel\target\classes;C:\Users\pedro\.m2\repository\org\springframework\boot\spring-boot-starter-web\2.7.7-SNAPSHOT\spring-boot-starter-web-2.7.7-SNAPSHOT.jar;C:\Users\pedro\.m2\repository\org\springframework\boot\spring-boot-starter\2.7.7-SNAPSHOT\spring-boot-starter-2.7.7-SNAPSHOT.jar;C:\Users\pedro\.m2\repository\org\springframework\boot\spring-boot-starter-logging\2.7.7-SNAPSHOT\spring-boot-starter-logging-2.7.7-SNAPSHOT.jar;C:\Users\pedro\.m2\repository\ch\qos\logback\logback-classic\1.2.11\logback-classic-1.2.11.jar;C:\Users\pedro\.m2\repository\ch\qos\logback\logback-core\1.2.11\logback-core-1.2.11.jar;C:\Users\pedro\.m2\repository\org\apache\logging\log4j\log4j-to-slf4j\2.17.2\log4j-to-slf4j-2.17.2.jar;C:\Users\pedro\.m2\repository\org\apache\logging\log4j\log4j-api\2.17.2\log4j-api-2.17.2.jar;C:\Users\pedro\.m2\repository\org\slf4j\jul-to-slf4j\1.7.36\jul-to-slf4j-1.7.36.jar;C:\Users\pedro\.m2\repository\jakarta\annotation\jakarta.annotation-api\1.3.5\jakarta.annotation-api-1.3.5.jar;C:\Users\pedro\.m2\repository\org\yaml\snakeyaml\1.30\snakeyaml-1.30.jar;C:\Users\pedro\.m2\repository\org\springframework\boot\spring-boot-starter-json\2.7.7-SNAPSHOT\spring-boot-starter-json-2.7.7-SNAPSHOT.jar;C:\Users\pedro\.m2\repository\com\fasterxml\jackson\core\jackson-databind\2.13.4.2\jackson-databind-2.13.4.2.jar;C:\Users\pedro\.m2\repository\com\fasterxml\jackson\core\jackson-annotations\2.13.4\jackson-annotations-2.13.4.jar;C:\Users\pedro\.m2\repository\com\fasterxml\jackson\core\jackson-core\2.13.4\jackson-core-2.13.4.jar;C:\Users\pedro\.m2\repository\com\fasterxml\jackson\datatype\jackson-datatype-jdk8\2.13.4\jackson-datatype-jdk8-2.13.4.jar;C:\Users\pedro\.m2\repository\com\fasterxml\jackson\datatype\jackson-datatype-jsr310\2.13.4\jackson-datatype-jsr310-2.13.4.jar;C:\Users\pedro\.m2\repository\com\fasterxml\jackson\module\jackson-module-parameter-names\2.13.4\jackson-module-parameter-names-2.13.4.jar;C:\Users\pedro\.m2\repository\org\springframework\boot\spring-boot-starter-tomcat\2.7.7-SNAPSHOT\spring-boot-starter-tomcat-2.7.7-SNAPSHOT.jar;C:\Users\pedro\.m2\repository\org\apache\tomcat\embed\tomcat-embed-core\9.0.69\tomcat-embed-core-9.0.69.jar;C:\Users\pedro\.m2\repository\org\apache\tomcat\embed\tomcat-embed-el\9.0.69\tomcat-embed-el-9.0.69.jar;C:\Users\pedro\.m2\repository\org\apache\tomcat\embed\tomcat-embed-websocket\9.0.69\tomcat-embed-websocket-9.0.69.jar;C:\Users\pedro\.m2\repository\org\springframework\spring-web\5.3.24\spring-web-5.3.24.jar;C:\Users\pedro\.m2\repository\org\springframework\spring-beans\5.3.24\spring-beans-5.3.24.jar;C:\Users\pedro\.m2\repository\org\springframework\spring-webmvc\5.3.24\spring-webmvc-5.3.24.jar;C:\Users\pedro\.m2\repository\org\springframework\spring-aop\5.3.24\spring-aop-5.3.24.jar;C:\Users\pedro\.m2\repository\org\springframework\spring-context\5.3.24\spring-context-5.3.24.jar;C:\Users\pedro\.m2\repository\org\springframework\spring-expression\5.3.24\spring-expression-5.3.24.jar;C:\Users\pedro\.m2\repository\org\apache\camel\springboot\camel-spring-boot-starter\3.19.0\camel-spring-boot-starter-3.19.0.jar;C:\Users\pedro\.m2\repository\org\apache\camel\springboot\camel-spring-boot\3.19.0\camel-spring-boot-3.19.0.jar;C:\Users\pedro\.m2\repository\org\apache\camel\camel-spring\3.19.0\camel-spring-3.19.0.jar;C:\Users\pedro\.m2\repository\org\apache\camel\camel-management-api\3.19.0\camel-management-api-3.19.0.jar;C:\Users\pedro\.m2\repository\org\springframework\spring-tx\5.3.24\spring-tx-5.3.24.jar;C:\Users\pedro\.m2\repository\org\apache\camel\camel-spring-main\3.19.0\camel-spring-main-3.19.0.jar;C:\Users\pedro\.m2\repository\org\apache\camel\camel-main\3.19.0\camel-main-3.19.0.jar;C:\Users\pedro\.m2\repository\org\apache\camel\camel-base\3.19.0\camel-base-3.19.0.jar;C:\Users\pedro\.m2\repository\org\apache\camel\camel-core-languages\3.19.0\camel-core-languages-3.19.0.jar;C:\Users\pedro\.m2\repository\org\apache\camel\camel-util-json\3.19.0\camel-util-json-3.19.0.jar;C:\Users\pedro\.m2\repository\org\apache\camel\camel-xml-jaxb-dsl\3.19.0\camel-xml-jaxb-dsl-3.19.0.jar;C:\Users\pedro\.m2\repository\org\apache\camel\camel-xml-jaxb\3.19.0\camel-xml-jaxb-3.19.0.jar;C:\Users\pedro\.m2\repository\com\sun\xml\bind\jaxb-core\2.3.0\jaxb-core-2.3.0.jar;C:\Users\pedro\.m2\repository\com\sun\xml\bind\jaxb-impl\2.3.3\jaxb-impl-2.3.3.jar;C:\Users\pedro\.m2\repository\com\sun\activation\jakarta.activation\1.2.2\jakarta.activation-1.2.2.jar;C:\Users\pedro\.m2\repository\org\apache\camel\camel-dsl-support\3.19.0\camel-dsl-support-3.19.0.jar;C:\Users\pedro\.m2\repository\org\apache\camel\camel-spring-xml\3.19.0\camel-spring-xml-3.19.0.jar;C:\Users\pedro\.m2\repository\org\apache\camel\camel-core-xml\3.19.0\camel-core-xml-3.19.0.jar;C:\Users\pedro\.m2\repository\javax\annotation\javax.annotation-api\1.3.2\javax.annotation-api-1.3.2.jar;C:\Users\pedro\.m2\repository\org\apache\camel\camel-cloud\3.19.0\camel-cloud-3.19.0.jar;C:\Users\pedro\.m2\repository\org\apache\camel\camel-core-model\3.19.0\camel-core-model-3.19.0.jar;C:\Users\pedro\.m2\repository\org\apache\camel\camel-core-processor\3.19.0\camel-core-processor-3.19.0.jar;C:\Users\pedro\.m2\repository\org\apache\camel\camel-cluster\3.19.0\camel-cluster-3.19.0.jar;C:\Users\pedro\.m2\repository\org\apache\camel\camel-base-engine\3.19.0\camel-base-engine-3.19.0.jar;C:\Users\pedro\.m2\repository\org\apache\camel\camel-health\3.19.0\camel-health-3.19.0.jar;C:\Users\pedro\.m2\repository\org\apache\camel\springboot\camel-core-starter\3.19.0\camel-core-starter-3.19.0.jar;C:\Users\pedro\.m2\repository\org\apache\camel\camel-core-engine\3.19.0\camel-core-engine-3.19.0.jar;C:\Users\pedro\.m2\repository\org\apache\camel\camel-api\3.19.0\camel-api-3.19.0.jar;C:\Users\pedro\.m2\repository\org\apache\camel\camel-core-reifier\3.19.0\camel-core-reifier-3.19.0.jar;C:\Users\pedro\.m2\repository\org\apache\camel\camel-support\3.19.0\camel-support-3.19.0.jar;C:\Users\pedro\.m2\repository\org\apache\camel\camel-util\3.19.0\camel-util-3.19.0.jar;C:\Users\pedro\.m2\repository\org\apache\camel\springboot\camel-bean-starter\3.19.0\camel-bean-starter-3.19.0.jar;C:\Users\pedro\.m2\repository\org\apache\camel\camel-bean\3.19.0\camel-bean-3.19.0.jar;C:\Users\pedro\.m2\repository\org\apache\camel\springboot\camel-browse-starter\3.19.0\camel-browse-starter-3.19.0.jar;C:\Users\pedro\.m2\repository\org\apache\camel\camel-browse\3.19.0\camel-browse-3.19.0.jar;C:\Users\pedro\.m2\repository\org\apache\camel\springboot\camel-controlbus-starter\3.19.0\camel-controlbus-starter-3.19.0.jar;C:\Users\pedro\.m2\repository\org\apache\camel\camel-controlbus\3.19.0\camel-controlbus-3.19.0.jar;C:\Users\pedro\.m2\repository\org\apache\camel\springboot\camel-dataformat-starter\3.19.0\camel-dataformat-starter-3.19.0.jar;C:\Users\pedro\.m2\repository\org\apache\camel\camel-dataformat\3.19.0\camel-dataformat-3.19.0.jar;C:\Users\pedro\.m2\repository\org\apache\camel\springboot\camel-dataset-starter\3.19.0\camel-dataset-starter-3.19.0.jar;C:\Users\pedro\.m2\repository\org\apache\camel\camel-dataset\3.19.0\camel-dataset-3.19.0.jar;C:\Users\pedro\.m2\repository\org\apache\camel\springboot\camel-direct-starter\3.19.0\camel-direct-starter-3.19.0.jar;C:\Users\pedro\.m2\repository\org\apache\camel\camel-direct\3.19.0\camel-direct-3.19.0.jar;C:\Users\pedro\.m2\repository\org\apache\camel\springboot\camel-directvm-starter\3.19.0\camel-directvm-starter-3.19.0.jar;C:\Users\pedro\.m2\repository\org\apache\camel\camel-directvm\3.19.0\camel-directvm-3.19.0.jar;C:\Users\pedro\.m2\repository\org\apache\camel\springboot\camel-file-starter\3.19.0\camel-file-starter-3.19.0.jar;C:\Users\pedro\.m2\repository\org\apache\camel\camel-file\3.19.0\camel-file-3.19.0.jar;C:\Users\pedro\.m2\repository\org\apache\camel\springboot\camel-language-starter\3.19.0\camel-language-starter-3.19.0.jar;C:\Users\pedro\.m2\repository\org\apache\camel\camel-language\3.19.0\camel-language-3.19.0.jar;C:\Users\pedro\.m2\repository\org\apache\camel\springboot\camel-log-starter\3.19.0\camel-log-starter-3.19.0.jar;C:\Users\pedro\.m2\repository\org\apache\camel\camel-log\3.19.0\camel-log-3.19.0.jar;C:\Users\pedro\.m2\repository\org\apache\camel\springboot\camel-mock-starter\3.19.0\camel-mock-starter-3.19.0.jar;C:\Users\pedro\.m2\repository\org\apache\camel\camel-mock\3.19.0\camel-mock-3.19.0.jar;C:\Users\pedro\.m2\repository\org\apache\camel\springboot\camel-ref-starter\3.19.0\camel-ref-starter-3.19.0.jar;C:\Users\pedro\.m2\repository\org\apache\camel\camel-ref\3.19.0\camel-ref-3.19.0.jar;C:\Users\pedro\.m2\repository\org\apache\camel\springboot\camel-rest-starter\3.19.0\camel-rest-starter-3.19.0.jar;C:\Users\pedro\.m2\repository\org\apache\camel\camel-rest\3.19.0\camel-rest-3.19.0.jar;C:\Users\pedro\.m2\repository\org\apache\camel\camel-tooling-model\3.19.0\camel-tooling-model-3.19.0.jar;C:\Users\pedro\.m2\repository\org\apache\camel\springboot\camel-saga-starter\3.19.0\camel-saga-starter-3.19.0.jar;C:\Users\pedro\.m2\repository\org\apache\camel\camel-saga\3.19.0\camel-saga-3.19.0.jar;C:\Users\pedro\.m2\repository\org\apache\camel\springboot\camel-scheduler-starter\3.19.0\camel-scheduler-starter-3.19.0.jar;C:\Users\pedro\.m2\repository\org\apache\camel\camel-scheduler\3.19.0\camel-scheduler-3.19.0.jar;C:\Users\pedro\.m2\repository\org\apache\camel\springboot\camel-seda-starter\3.19.0\camel-seda-starter-3.19.0.jar;C:\Users\pedro\.m2\repository\org\apache\camel\camel-seda\3.19.0\camel-seda-3.19.0.jar;C:\Users\pedro\.m2\repository\org\apache\camel\springboot\camel-stub-starter\3.19.0\camel-stub-starter-3.19.0.jar;C:\Users\pedro\.m2\repository\org\apache\camel\camel-stub\3.19.0\camel-stub-3.19.0.jar;C:\Users\pedro\.m2\repository\org\apache\camel\springboot\camel-timer-starter\3.19.0\camel-timer-starter-3.19.0.jar;C:\Users\pedro\.m2\repository\org\apache\camel\camel-timer\3.19.0\camel-timer-3.19.0.jar;C:\Users\pedro\.m2\repository\org\apache\camel\springboot\camel-validator-starter\3.19.0\camel-validator-starter-3.19.0.jar;C:\Users\pedro\.m2\repository\org\apache\camel\camel-validator\3.19.0\camel-validator-3.19.0.jar;C:\Users\pedro\.m2\repository\org\apache\camel\springboot\camel-vm-starter\3.19.0\camel-vm-starter-3.19.0.jar;C:\Users\pedro\.m2\repository\org\apache\camel\camel-vm\3.19.0\camel-vm-3.19.0.jar;C:\Users\pedro\.m2\repository\org\apache\camel\springboot\camel-xpath-starter\3.19.0\camel-xpath-starter-3.19.0.jar;C:\Users\pedro\.m2\repository\org\apache\camel\camel-xpath\3.19.0\camel-xpath-3.19.0.jar;C:\Users\pedro\.m2\repository\org\apache\camel\springboot\camel-xslt-starter\3.19.0\camel-xslt-starter-3.19.0.jar;C:\Users\pedro\.m2\repository\org\apache\camel\camel-xslt\3.19.0\camel-xslt-3.19.0.jar;C:\Users\pedro\.m2\repository\org\apache\camel\springboot\camel-xml-jaxp-starter\3.19.0\camel-xml-jaxp-starter-3.19.0.jar;C:\Users\pedro\.m2\repository\org\apache\camel\camel-xml-jaxp\3.19.0\camel-xml-jaxp-3.19.0.jar;C:\Users\pedro\.m2\repository\org\apache\camel\camel-xml-io-util\3.19.0\camel-xml-io-util-3.19.0.jar;C:\Users\pedro\.m2\repository\org\springframework\boot\spring-boot-devtools\2.7.7-SNAPSHOT\spring-boot-devtools-2.7.7-SNAPSHOT.jar;C:\Users\pedro\.m2\repository\org\springframework\boot\spring-boot\2.7.7-SNAPSHOT\spring-boot-2.7.7-SNAPSHOT.jar;C:\Users\pedro\.m2\repository\org\springframework\boot\spring-boot-autoconfigure\2.7.7-SNAPSHOT\spring-boot-autoconfigure-2.7.7-SNAPSHOT.jar;C:\Users\pedro\.m2\repository\org\projectlombok\lombok\1.18.24\lombok-1.18.24.jar;C:\Users\pedro\.m2\repository\org\springframework\boot\spring-boot-starter-test\2.7.7-SNAPSHOT\spring-boot-starter-test-2.7.7-SNAPSHOT.jar;C:\Users\pedro\.m2\repository\org\springframework\boot\spring-boot-test\2.7.7-SNAPSHOT\spring-boot-test-2.7.7-SNAPSHOT.jar;C:\Users\pedro\.m2\repository\org\springframework\boot\spring-boot-test-autoconfigure\2.7.7-SNAPSHOT\spring-boot-test-autoconfigure-2.7.7-SNAPSHOT.jar;C:\Users\pedro\.m2\repository\com\jayway\jsonpath\json-path\2.7.0\json-path-2.7.0.jar;C:\Users\pedro\.m2\repository\net\minidev\json-smart\2.4.8\json-smart-2.4.8.jar;C:\Users\pedro\.m2\repository\net\minidev\accessors-smart\2.4.8\accessors-smart-2.4.8.jar;C:\Users\pedro\.m2\repository\org\ow2\asm\asm\9.1\asm-9.1.jar;C:\Users\pedro\.m2\repository\org\slf4j\slf4j-api\1.7.36\slf4j-api-1.7.36.jar;C:\Users\pedro\.m2\repository\jakarta\xml\bind\jakarta.xml.bind-api\2.3.3\jakarta.xml.bind-api-2.3.3.jar;C:\Users\pedro\.m2\repository\jakarta\activation\jakarta.activation-api\1.2.2\jakarta.activation-api-1.2.2.jar;C:\Users\pedro\.m2\repository\org\assertj\assertj-core\3.22.0\assertj-core-3.22.0.jar;C:\Users\pedro\.m2\repository\org\hamcrest\hamcrest\2.2\hamcrest-2.2.jar;C:\Users\pedro\.m2\repository\org\junit\jupiter\junit-jupiter\5.8.2\junit-jupiter-5.8.2.jar;C:\Users\pedro\.m2\repository\org\junit\jupiter\junit-jupiter-api\5.8.2\junit-jupiter-api-5.8.2.jar;C:\Users\pedro\.m2\repository\org\opentest4j\opentest4j\1.2.0\opentest4j-1.2.0.jar;C:\Users\pedro\.m2\repository\org\junit\platform\junit-platform-commons\1.8.2\junit-platform-commons-1.8.2.jar;C:\Users\pedro\.m2\repository\org\apiguardian\apiguardian-api\1.1.2\apiguardian-api-1.1.2.jar;C:\Users\pedro\.m2\repository\org\junit\jupiter\junit-jupiter-params\5.8.2\junit-jupiter-params-5.8.2.jar;C:\Users\pedro\.m2\repository\org\junit\jupiter\junit-jupiter-engine\5.8.2\junit-jupiter-engine-5.8.2.jar;C:\Users\pedro\.m2\repository\org\junit\platform\junit-platform-engine\1.8.2\junit-platform-engine-1.8.2.jar;C:\Users\pedro\.m2\repository\org\mockito\mockito-core\4.5.1\mockito-core-4.5.1.jar;C:\Users\pedro\.m2\repository\net\bytebuddy\byte-buddy\1.12.19\byte-buddy-1.12.19.jar;C:\Users\pedro\.m2\repository\net\bytebuddy\byte-buddy-agent\1.12.19\byte-buddy-agent-1.12.19.jar;C:\Users\pedro\.m2\repository\org\objenesis\objenesis\3.2\objenesis-3.2.jar;C:\Users\pedro\.m2\repository\org\mockito\mockito-junit-jupiter\4.5.1\mockito-junit-jupiter-4.5.1.jar;C:\Users\pedro\.m2\repository\org\skyscreamer\jsonassert\1.5.1\jsonassert-1.5.1.jar;C:\Users\pedro\.m2\repository\com\vaadin\external\google\android-json\0.0.20131108.vaadin1\android-json-0.0.20131108.vaadin1.jar;C:\Users\pedro\.m2\repository\org\springframework\spring-core\5.3.24\spring-core-5.3.24.jar;C:\Users\pedro\.m2\repository\org\springframework\spring-jcl\5.3.24\spring-jcl-5.3.24.jar;C:\Users\pedro\.m2\repository\org\springframework\spring-test\5.3.24\spring-test-5.3.24.jar;C:\Users\pedro\.m2\repository\org\xmlunit\xmlunit-core\2.9.0\xmlunit-core-2.9.0.jar;C:\Users\pedro\.m2\repository\javax\inject\javax.inject\1\javax.inject-1.jar;"/>
    <property name="java.vm.vendor" value="Azul Systems, Inc."/>
    <property name="sun.arch.data.model" value="64"/>
    <property name="user.variant" value=""/>
    <property name="java.vendor.url" value="http://www.azul.com/"/>
    <property name="user.timezone" value="America/Sao_Paulo"/>
    <property name="user.country.format" value="BR"/>
    <property name="os.name" value="Windows 10"/>
    <property name="java.vm.specification.version" value="17"/>
    <property name="sun.java.launcher" value="SUN_STANDARD"/>
    <property name="user.country" value="US"/>
    <property name="sun.boot.library.path" value="C:\Users\pedro\.jdks\azul-17.0.4\bin"/>
    <property name="sun.java.command" value="C:\Users\pedro\AppData\Local\Temp\surefire11926113736807055715\surefirebooter2290238413286095063.jar C:\Users\pedro\AppData\Local\Temp\surefire11926113736807055715 2022-12-17T18-33-10_491-jvmRun1 surefire14032827826295495794tmp surefire_015230782459200948672tmp"/>
    <property name="jdk.debug" value="release"/>
    <property name="surefire.test.class.path" value="C:\Users\pedro\projects\apachecamel\target\test-classes;C:\Users\pedro\projects\apachecamel\target\classes;C:\Users\pedro\.m2\repository\org\springframework\boot\spring-boot-starter-web\2.7.7-SNAPSHOT\spring-boot-starter-web-2.7.7-SNAPSHOT.jar;C:\Users\pedro\.m2\repository\org\springframework\boot\spring-boot-starter\2.7.7-SNAPSHOT\spring-boot-starter-2.7.7-SNAPSHOT.jar;C:\Users\pedro\.m2\repository\org\springframework\boot\spring-boot-starter-logging\2.7.7-SNAPSHOT\spring-boot-starter-logging-2.7.7-SNAPSHOT.jar;C:\Users\pedro\.m2\repository\ch\qos\logback\logback-classic\1.2.11\logback-classic-1.2.11.jar;C:\Users\pedro\.m2\repository\ch\qos\logback\logback-core\1.2.11\logback-core-1.2.11.jar;C:\Users\pedro\.m2\repository\org\apache\logging\log4j\log4j-to-slf4j\2.17.2\log4j-to-slf4j-2.17.2.jar;C:\Users\pedro\.m2\repository\org\apache\logging\log4j\log4j-api\2.17.2\log4j-api-2.17.2.jar;C:\Users\pedro\.m2\repository\org\slf4j\jul-to-slf4j\1.7.36\jul-to-slf4j-1.7.36.jar;C:\Users\pedro\.m2\repository\jakarta\annotation\jakarta.annotation-api\1.3.5\jakarta.annotation-api-1.3.5.jar;C:\Users\pedro\.m2\repository\org\yaml\snakeyaml\1.30\snakeyaml-1.30.jar;C:\Users\pedro\.m2\repository\org\springframework\boot\spring-boot-starter-json\2.7.7-SNAPSHOT\spring-boot-starter-json-2.7.7-SNAPSHOT.jar;C:\Users\pedro\.m2\repository\com\fasterxml\jackson\core\jackson-databind\2.13.4.2\jackson-databind-2.13.4.2.jar;C:\Users\pedro\.m2\repository\com\fasterxml\jackson\core\jackson-annotations\2.13.4\jackson-annotations-2.13.4.jar;C:\Users\pedro\.m2\repository\com\fasterxml\jackson\core\jackson-core\2.13.4\jackson-core-2.13.4.jar;C:\Users\pedro\.m2\repository\com\fasterxml\jackson\datatype\jackson-datatype-jdk8\2.13.4\jackson-datatype-jdk8-2.13.4.jar;C:\Users\pedro\.m2\repository\com\fasterxml\jackson\datatype\jackson-datatype-jsr310\2.13.4\jackson-datatype-jsr310-2.13.4.jar;C:\Users\pedro\.m2\repository\com\fasterxml\jackson\module\jackson-module-parameter-names\2.13.4\jackson-module-parameter-names-2.13.4.jar;C:\Users\pedro\.m2\repository\org\springframework\boot\spring-boot-starter-tomcat\2.7.7-SNAPSHOT\spring-boot-starter-tomcat-2.7.7-SNAPSHOT.jar;C:\Users\pedro\.m2\repository\org\apache\tomcat\embed\tomcat-embed-core\9.0.69\tomcat-embed-core-9.0.69.jar;C:\Users\pedro\.m2\repository\org\apache\tomcat\embed\tomcat-embed-el\9.0.69\tomcat-embed-el-9.0.69.jar;C:\Users\pedro\.m2\repository\org\apache\tomcat\embed\tomcat-embed-websocket\9.0.69\tomcat-embed-websocket-9.0.69.jar;C:\Users\pedro\.m2\repository\org\springframework\spring-web\5.3.24\spring-web-5.3.24.jar;C:\Users\pedro\.m2\repository\org\springframework\spring-beans\5.3.24\spring-beans-5.3.24.jar;C:\Users\pedro\.m2\repository\org\springframework\spring-webmvc\5.3.24\spring-webmvc-5.3.24.jar;C:\Users\pedro\.m2\repository\org\springframework\spring-aop\5.3.24\spring-aop-5.3.24.jar;C:\Users\pedro\.m2\repository\org\springframework\spring-context\5.3.24\spring-context-5.3.24.jar;C:\Users\pedro\.m2\repository\org\springframework\spring-expression\5.3.24\spring-expression-5.3.24.jar;C:\Users\pedro\.m2\repository\org\apache\camel\springboot\camel-spring-boot-starter\3.19.0\camel-spring-boot-starter-3.19.0.jar;C:\Users\pedro\.m2\repository\org\apache\camel\springboot\camel-spring-boot\3.19.0\camel-spring-boot-3.19.0.jar;C:\Users\pedro\.m2\repository\org\apache\camel\camel-spring\3.19.0\camel-spring-3.19.0.jar;C:\Users\pedro\.m2\repository\org\apache\camel\camel-management-api\3.19.0\camel-management-api-3.19.0.jar;C:\Users\pedro\.m2\repository\org\springframework\spring-tx\5.3.24\spring-tx-5.3.24.jar;C:\Users\pedro\.m2\repository\org\apache\camel\camel-spring-main\3.19.0\camel-spring-main-3.19.0.jar;C:\Users\pedro\.m2\repository\org\apache\camel\camel-main\3.19.0\camel-main-3.19.0.jar;C:\Users\pedro\.m2\repository\org\apache\camel\camel-base\3.19.0\camel-base-3.19.0.jar;C:\Users\pedro\.m2\repository\org\apache\camel\camel-core-languages\3.19.0\camel-core-languages-3.19.0.jar;C:\Users\pedro\.m2\repository\org\apache\camel\camel-util-json\3.19.0\camel-util-json-3.19.0.jar;C:\Users\pedro\.m2\repository\org\apache\camel\camel-xml-jaxb-dsl\3.19.0\camel-xml-jaxb-dsl-3.19.0.jar;C:\Users\pedro\.m2\repository\org\apache\camel\camel-xml-jaxb\3.19.0\camel-xml-jaxb-3.19.0.jar;C:\Users\pedro\.m2\repository\com\sun\xml\bind\jaxb-core\2.3.0\jaxb-core-2.3.0.jar;C:\Users\pedro\.m2\repository\com\sun\xml\bind\jaxb-impl\2.3.3\jaxb-impl-2.3.3.jar;C:\Users\pedro\.m2\repository\com\sun\activation\jakarta.activation\1.2.2\jakarta.activation-1.2.2.jar;C:\Users\pedro\.m2\repository\org\apache\camel\camel-dsl-support\3.19.0\camel-dsl-support-3.19.0.jar;C:\Users\pedro\.m2\repository\org\apache\camel\camel-spring-xml\3.19.0\camel-spring-xml-3.19.0.jar;C:\Users\pedro\.m2\repository\org\apache\camel\camel-core-xml\3.19.0\camel-core-xml-3.19.0.jar;C:\Users\pedro\.m2\repository\javax\annotation\javax.annotation-api\1.3.2\javax.annotation-api-1.3.2.jar;C:\Users\pedro\.m2\repository\org\apache\camel\camel-cloud\3.19.0\camel-cloud-3.19.0.jar;C:\Users\pedro\.m2\repository\org\apache\camel\camel-core-model\3.19.0\camel-core-model-3.19.0.jar;C:\Users\pedro\.m2\repository\org\apache\camel\camel-core-processor\3.19.0\camel-core-processor-3.19.0.jar;C:\Users\pedro\.m2\repository\org\apache\camel\camel-cluster\3.19.0\camel-cluster-3.19.0.jar;C:\Users\pedro\.m2\repository\org\apache\camel\camel-base-engine\3.19.0\camel-base-engine-3.19.0.jar;C:\Users\pedro\.m2\repository\org\apache\camel\camel-health\3.19.0\camel-health-3.19.0.jar;C:\Users\pedro\.m2\repository\org\apache\camel\springboot\camel-core-starter\3.19.0\camel-core-starter-3.19.0.jar;C:\Users\pedro\.m2\repository\org\apache\camel\camel-core-engine\3.19.0\camel-core-engine-3.19.0.jar;C:\Users\pedro\.m2\repository\org\apache\camel\camel-api\3.19.0\camel-api-3.19.0.jar;C:\Users\pedro\.m2\repository\org\apache\camel\camel-core-reifier\3.19.0\camel-core-reifier-3.19.0.jar;C:\Users\pedro\.m2\repository\org\apache\camel\camel-support\3.19.0\camel-support-3.19.0.jar;C:\Users\pedro\.m2\repository\org\apache\camel\camel-util\3.19.0\camel-util-3.19.0.jar;C:\Users\pedro\.m2\repository\org\apache\camel\springboot\camel-bean-starter\3.19.0\camel-bean-starter-3.19.0.jar;C:\Users\pedro\.m2\repository\org\apache\camel\camel-bean\3.19.0\camel-bean-3.19.0.jar;C:\Users\pedro\.m2\repository\org\apache\camel\springboot\camel-browse-starter\3.19.0\camel-browse-starter-3.19.0.jar;C:\Users\pedro\.m2\repository\org\apache\camel\camel-browse\3.19.0\camel-browse-3.19.0.jar;C:\Users\pedro\.m2\repository\org\apache\camel\springboot\camel-controlbus-starter\3.19.0\camel-controlbus-starter-3.19.0.jar;C:\Users\pedro\.m2\repository\org\apache\camel\camel-controlbus\3.19.0\camel-controlbus-3.19.0.jar;C:\Users\pedro\.m2\repository\org\apache\camel\springboot\camel-dataformat-starter\3.19.0\camel-dataformat-starter-3.19.0.jar;C:\Users\pedro\.m2\repository\org\apache\camel\camel-dataformat\3.19.0\camel-dataformat-3.19.0.jar;C:\Users\pedro\.m2\repository\org\apache\camel\springboot\camel-dataset-starter\3.19.0\camel-dataset-starter-3.19.0.jar;C:\Users\pedro\.m2\repository\org\apache\camel\camel-dataset\3.19.0\camel-dataset-3.19.0.jar;C:\Users\pedro\.m2\repository\org\apache\camel\springboot\camel-direct-starter\3.19.0\camel-direct-starter-3.19.0.jar;C:\Users\pedro\.m2\repository\org\apache\camel\camel-direct\3.19.0\camel-direct-3.19.0.jar;C:\Users\pedro\.m2\repository\org\apache\camel\springboot\camel-directvm-starter\3.19.0\camel-directvm-starter-3.19.0.jar;C:\Users\pedro\.m2\repository\org\apache\camel\camel-directvm\3.19.0\camel-directvm-3.19.0.jar;C:\Users\pedro\.m2\repository\org\apache\camel\springboot\camel-file-starter\3.19.0\camel-file-starter-3.19.0.jar;C:\Users\pedro\.m2\repository\org\apache\camel\camel-file\3.19.0\camel-file-3.19.0.jar;C:\Users\pedro\.m2\repository\org\apache\camel\springboot\camel-language-starter\3.19.0\camel-language-starter-3.19.0.jar;C:\Users\pedro\.m2\repository\org\apache\camel\camel-language\3.19.0\camel-language-3.19.0.jar;C:\Users\pedro\.m2\repository\org\apache\camel\springboot\camel-log-starter\3.19.0\camel-log-starter-3.19.0.jar;C:\Users\pedro\.m2\repository\org\apache\camel\camel-log\3.19.0\camel-log-3.19.0.jar;C:\Users\pedro\.m2\repository\org\apache\camel\springboot\camel-mock-starter\3.19.0\camel-mock-starter-3.19.0.jar;C:\Users\pedro\.m2\repository\org\apache\camel\camel-mock\3.19.0\camel-mock-3.19.0.jar;C:\Users\pedro\.m2\repository\org\apache\camel\springboot\camel-ref-starter\3.19.0\camel-ref-starter-3.19.0.jar;C:\Users\pedro\.m2\repository\org\apache\camel\camel-ref\3.19.0\camel-ref-3.19.0.jar;C:\Users\pedro\.m2\repository\org\apache\camel\springboot\camel-rest-starter\3.19.0\camel-rest-starter-3.19.0.jar;C:\Users\pedro\.m2\repository\org\apache\camel\camel-rest\3.19.0\camel-rest-3.19.0.jar;C:\Users\pedro\.m2\repository\org\apache\camel\camel-tooling-model\3.19.0\camel-tooling-model-3.19.0.jar;C:\Users\pedro\.m2\repository\org\apache\camel\springboot\camel-saga-starter\3.19.0\camel-saga-starter-3.19.0.jar;C:\Users\pedro\.m2\repository\org\apache\camel\camel-saga\3.19.0\camel-saga-3.19.0.jar;C:\Users\pedro\.m2\repository\org\apache\camel\springboot\camel-scheduler-starter\3.19.0\camel-scheduler-starter-3.19.0.jar;C:\Users\pedro\.m2\repository\org\apache\camel\camel-scheduler\3.19.0\camel-scheduler-3.19.0.jar;C:\Users\pedro\.m2\repository\org\apache\camel\springboot\camel-seda-starter\3.19.0\camel-seda-starter-3.19.0.jar;C:\Users\pedro\.m2\repository\org\apache\camel\camel-seda\3.19.0\camel-seda-3.19.0.jar;C:\Users\pedro\.m2\repository\org\apache\camel\springboot\camel-stub-starter\3.19.0\camel-stub-starter-3.19.0.jar;C:\Users\pedro\.m2\repository\org\apache\camel\camel-stub\3.19.0\camel-stub-3.19.0.jar;C:\Users\pedro\.m2\repository\org\apache\camel\springboot\camel-timer-starter\3.19.0\camel-timer-starter-3.19.0.jar;C:\Users\pedro\.m2\repository\org\apache\camel\camel-timer\3.19.0\camel-timer-3.19.0.jar;C:\Users\pedro\.m2\repository\org\apache\camel\springboot\camel-validator-starter\3.19.0\camel-validator-starter-3.19.0.jar;C:\Users\pedro\.m2\repository\org\apache\camel\camel-validator\3.19.0\camel-validator-3.19.0.jar;C:\Users\pedro\.m2\repository\org\apache\camel\springboot\camel-vm-starter\3.19.0\camel-vm-starter-3.19.0.jar;C:\Users\pedro\.m2\repository\org\apache\camel\camel-vm\3.19.0\camel-vm-3.19.0.jar;C:\Users\pedro\.m2\repository\org\apache\camel\springboot\camel-xpath-starter\3.19.0\camel-xpath-starter-3.19.0.jar;C:\Users\pedro\.m2\repository\org\apache\camel\camel-xpath\3.19.0\camel-xpath-3.19.0.jar;C:\Users\pedro\.m2\repository\org\apache\camel\springboot\camel-xslt-starter\3.19.0\camel-xslt-starter-3.19.0.jar;C:\Users\pedro\.m2\repository\org\apache\camel\camel-xslt\3.19.0\camel-xslt-3.19.0.jar;C:\Users\pedro\.m2\repository\org\apache\camel\springboot\camel-xml-jaxp-starter\3.19.0\camel-xml-jaxp-starter-3.19.0.jar;C:\Users\pedro\.m2\repository\org\apache\camel\camel-xml-jaxp\3.19.0\camel-xml-jaxp-3.19.0.jar;C:\Users\pedro\.m2\repository\org\apache\camel\camel-xml-io-util\3.19.0\camel-xml-io-util-3.19.0.jar;C:\Users\pedro\.m2\repository\org\springframework\boot\spring-boot-devtools\2.7.7-SNAPSHOT\spring-boot-devtools-2.7.7-SNAPSHOT.jar;C:\Users\pedro\.m2\repository\org\springframework\boot\spring-boot\2.7.7-SNAPSHOT\spring-boot-2.7.7-SNAPSHOT.jar;C:\Users\pedro\.m2\repository\org\springframework\boot\spring-boot-autoconfigure\2.7.7-SNAPSHOT\spring-boot-autoconfigure-2.7.7-SNAPSHOT.jar;C:\Users\pedro\.m2\repository\org\projectlombok\lombok\1.18.24\lombok-1.18.24.jar;C:\Users\pedro\.m2\repository\org\springframework\boot\spring-boot-starter-test\2.7.7-SNAPSHOT\spring-boot-starter-test-2.7.7-SNAPSHOT.jar;C:\Users\pedro\.m2\repository\org\springframework\boot\spring-boot-test\2.7.7-SNAPSHOT\spring-boot-test-2.7.7-SNAPSHOT.jar;C:\Users\pedro\.m2\repository\org\springframework\boot\spring-boot-test-autoconfigure\2.7.7-SNAPSHOT\spring-boot-test-autoconfigure-2.7.7-SNAPSHOT.jar;C:\Users\pedro\.m2\repository\com\jayway\jsonpath\json-path\2.7.0\json-path-2.7.0.jar;C:\Users\pedro\.m2\repository\net\minidev\json-smart\2.4.8\json-smart-2.4.8.jar;C:\Users\pedro\.m2\repository\net\minidev\accessors-smart\2.4.8\accessors-smart-2.4.8.jar;C:\Users\pedro\.m2\repository\org\ow2\asm\asm\9.1\asm-9.1.jar;C:\Users\pedro\.m2\repository\org\slf4j\slf4j-api\1.7.36\slf4j-api-1.7.36.jar;C:\Users\pedro\.m2\repository\jakarta\xml\bind\jakarta.xml.bind-api\2.3.3\jakarta.xml.bind-api-2.3.3.jar;C:\Users\pedro\.m2\repository\jakarta\activation\jakarta.activation-api\1.2.2\jakarta.activation-api-1.2.2.jar;C:\Users\pedro\.m2\repository\org\assertj\assertj-core\3.22.0\assertj-core-3.22.0.jar;C:\Users\pedro\.m2\repository\org\hamcrest\hamcrest\2.2\hamcrest-2.2.jar;C:\Users\pedro\.m2\repository\org\junit\jupiter\junit-jupiter\5.8.2\junit-jupiter-5.8.2.jar;C:\Users\pedro\.m2\repository\org\junit\jupiter\junit-jupiter-api\5.8.2\junit-jupiter-api-5.8.2.jar;C:\Users\pedro\.m2\repository\org\opentest4j\opentest4j\1.2.0\opentest4j-1.2.0.jar;C:\Users\pedro\.m2\repository\org\junit\platform\junit-platform-commons\1.8.2\junit-platform-commons-1.8.2.jar;C:\Users\pedro\.m2\repository\org\apiguardian\apiguardian-api\1.1.2\apiguardian-api-1.1.2.jar;C:\Users\pedro\.m2\repository\org\junit\jupiter\junit-jupiter-params\5.8.2\junit-jupiter-params-5.8.2.jar;C:\Users\pedro\.m2\repository\org\junit\jupiter\junit-jupiter-engine\5.8.2\junit-jupiter-engine-5.8.2.jar;C:\Users\pedro\.m2\repository\org\junit\platform\junit-platform-engine\1.8.2\junit-platform-engine-1.8.2.jar;C:\Users\pedro\.m2\repository\org\mockito\mockito-core\4.5.1\mockito-core-4.5.1.jar;C:\Users\pedro\.m2\repository\net\bytebuddy\byte-buddy\1.12.19\byte-buddy-1.12.19.jar;C:\Users\pedro\.m2\repository\net\bytebuddy\byte-buddy-agent\1.12.19\byte-buddy-agent-1.12.19.jar;C:\Users\pedro\.m2\repository\org\objenesis\objenesis\3.2\objenesis-3.2.jar;C:\Users\pedro\.m2\repository\org\mockito\mockito-junit-jupiter\4.5.1\mockito-junit-jupiter-4.5.1.jar;C:\Users\pedro\.m2\repository\org\skyscreamer\jsonassert\1.5.1\jsonassert-1.5.1.jar;C:\Users\pedro\.m2\repository\com\vaadin\external\google\android-json\0.0.20131108.vaadin1\android-json-0.0.20131108.vaadin1.jar;C:\Users\pedro\.m2\repository\org\springframework\spring-core\5.3.24\spring-core-5.3.24.jar;C:\Users\pedro\.m2\repository\org\springframework\spring-jcl\5.3.24\spring-jcl-5.3.24.jar;C:\Users\pedro\.m2\repository\org\springframework\spring-test\5.3.24\spring-test-5.3.24.jar;C:\Users\pedro\.m2\repository\org\xmlunit\xmlunit-core\2.9.0\xmlunit-core-2.9.0.jar;C:\Users\pedro\.m2\repository\javax\inject\javax.inject\1\javax.inject-1.jar;"/>
    <property name="sun.cpu.endian" value="little"/>
    <property name="user.home" value="C:\Users\pedro"/>
    <property name="user.language" value="en"/>
    <property name="java.specification.vendor" value="Oracle Corporation"/>
    <property name="java.version.date" value="2022-07-19"/>
    <property name="java.home" value="C:\Users\pedro\.jdks\azul-17.0.4"/>
    <property name="file.separator" value="\"/>
    <property name="basedir" value="C:\Users\pedro\projects\apachecamel"/>
    <property name="java.vm.compressedOopsMode" value="32-bit"/>
    <property name="line.separator" value="&#10;"/>
    <property name="java.vm.specification.vendor" value="Oracle Corporation"/>
    <property name="java.specification.name" value="Java Platform API Specification"/>
    <property name="surefire.real.class.path" value="C:\Users\pedro\AppData\Local\Temp\surefire11926113736807055715\surefirebooter2290238413286095063.jar"/>
    <property name="user.script" value=""/>
    <property name="sun.management.compiler" value="HotSpot 64-Bit Tiered Compilers"/>
    <property name="java.runtime.version" value="17.0.4+8-LTS"/>
    <property name="user.name" value="pedro"/>
    <property name="path.separator" value=";"/>
    <property name="os.version" value="10.0"/>
    <property name="java.runtime.name" value="OpenJDK Runtime Environment"/>
    <property name="file.encoding" value="Cp1252"/>
    <property name="java.vm.name" value="OpenJDK 64-Bit Server VM"/>
    <property name="java.vendor.version" value="Zulu17.36+13-CA"/>
    <property name="localRepository" value="C:\Users\pedro\.m2\repository"/>
    <property name="java.vendor.url.bug" value="http://www.azul.com/support/"/>
    <property name="java.io.tmpdir" value="C:\Users\pedro\AppData\Local\Temp\"/>
    <property name="idea.version" value="2022.3"/>
    <property name="java.version" value="17.0.4"/>
    <property name="user.dir" value="C:\Users\pedro\projects\apachecamel"/>
    <property name="os.arch" value="amd64"/>
    <property name="java.vm.specification.name" value="Java Virtual Machine Specification"/>
    <property name="user.language.format" value="pt"/>
    <property name="sun.os.patch.level" value=""/>
    <property name="native.encoding" value="Cp1252"/>
    <property name="java.library.path" value="C:\Users\pedro\.jdks\azul-17.0.4\bin;C:\WINDOWS\Sun\Java\bin;C:\WINDOWS\system32;C:\WINDOWS;C:\Python310\Scripts\;C:\Python310\;C:\WINDOWS\system32;C:\WINDOWS;C:\WINDOWS\System32\Wbem;C:\WINDOWS\System32\WindowsPowerShell\v1.0\;C:\WINDOWS\System32\OpenSSH\;C:\Program Files\Docker\Docker\resources\bin;C:\ProgramData\DockerDesktop\version-bin;C:\Program Files\Git\cmd;C:\Program Files\nodejs\;C:\ProgramData\chocolatey\bin;C:\Program Files (x86)\NVIDIA Corporation\PhysX\Common;C:\Users\pedro\Go\bin;C:\Program Files\Java\jdk-17.0.4.1\bin;C:\Users\pedro\AppData\Local\Microsoft\WindowsApps;C:\Program Files\JetBrains\DataGrip 2022.1.4\bin;C:\Program Files\JetBrains\WebStorm 2022.1.1\bin;C:\Users\pedro\AppData\Roaming\npm;C:\Users\pedro\AppData\Local\Programs\Microsoft VS Code\bin;C:\Users\pedro\go\bin;C:\Users\pedro\AppData\Local\JetBrains\Toolbox\scripts;."/>
    <property name="java.vm.info" value="mixed mode, sharing"/>
    <property name="java.vendor" value="Azul Systems, Inc."/>
    <property name="java.vm.version" value="17.0.4+8-LTS"/>
    <property name="sun.io.unicode.encoding" value="UnicodeLittle"/>
    <property name="java.class.version" value="61.0"/>
  </properties>
  <testcase name="contextLoads" classname="br.com.apachecamel.ApachecamelApplicationTests" time="0.007">
    <error message="Failed to load ApplicationContext" type="java.lang.IllegalStateException"><![CDATA[java.lang.IllegalStateException: Failed to load ApplicationContext
Caused by: org.apache.camel.FailedToCreateRouteException: Failed to create route route1 at: >>> To[C:/Users/pedro/Downloads/MOCK_DATA_RESULT] <<< in route: Route(route1)[From[file://C:\Users\pedro\apache-cammel\input... because of No endpoint could be found for: C:///Users/pedro/Downloads/MOCK_DATA_RESULT, please check your classpath contains the needed Camel component jar.
Caused by: org.apache.camel.NoSuchEndpointException: No endpoint could be found for: C:///Users/pedro/Downloads/MOCK_DATA_RESULT, please check your classpath contains the needed Camel component jar.
]]></error>
    <system-out><![CDATA[18:33:11.474 [main] DEBUG org.springframework.test.context.BootstrapUtils - Instantiating CacheAwareContextLoaderDelegate from class [org.springframework.test.context.cache.DefaultCacheAwareContextLoaderDelegate]
18:33:11.484 [main] DEBUG org.springframework.test.context.BootstrapUtils - Instantiating BootstrapContext using constructor [public org.springframework.test.context.support.DefaultBootstrapContext(java.lang.Class,org.springframework.test.context.CacheAwareContextLoaderDelegate)]
18:33:11.521 [main] DEBUG org.springframework.test.context.BootstrapUtils - Instantiating TestContextBootstrapper for test class [br.com.apachecamel.ApachecamelApplicationTests] from class [org.springframework.boot.test.context.SpringBootTestContextBootstrapper]
18:33:11.532 [main] INFO org.springframework.boot.test.context.SpringBootTestContextBootstrapper - Neither @ContextConfiguration nor @ContextHierarchy found for test class [br.com.apachecamel.ApachecamelApplicationTests], using SpringBootContextLoader
18:33:11.536 [main] DEBUG org.springframework.test.context.support.AbstractContextLoader - Did not detect default resource location for test class [br.com.apachecamel.ApachecamelApplicationTests]: class path resource [br/com/apachecamel/ApachecamelApplicationTests-context.xml] does not exist
18:33:11.536 [main] DEBUG org.springframework.test.context.support.AbstractContextLoader - Did not detect default resource location for test class [br.com.apachecamel.ApachecamelApplicationTests]: class path resource [br/com/apachecamel/ApachecamelApplicationTestsContext.groovy] does not exist
18:33:11.536 [main] INFO org.springframework.test.context.support.AbstractContextLoader - Could not detect default resource locations for test class [br.com.apachecamel.ApachecamelApplicationTests]: no resource found for suffixes {-context.xml, Context.groovy}.
18:33:11.537 [main] INFO org.springframework.test.context.support.AnnotationConfigContextLoaderUtils - Could not detect default configuration classes for test class [br.com.apachecamel.ApachecamelApplicationTests]: ApachecamelApplicationTests does not declare any static, non-private, non-final, nested classes annotated with @Configuration.
18:33:11.589 [main] DEBUG org.springframework.test.context.support.ActiveProfilesUtils - Could not find an 'annotation declaring class' for annotation type [org.springframework.test.context.ActiveProfiles] and class [br.com.apachecamel.ApachecamelApplicationTests]
18:33:11.653 [main] DEBUG org.springframework.context.annotation.ClassPathScanningCandidateComponentProvider - Identified candidate component class: file [C:\Users\pedro\projects\apachecamel\target\classes\br\com\apachecamel\ApachecamelApplication.class]
18:33:11.657 [main] INFO org.springframework.boot.test.context.SpringBootTestContextBootstrapper - Found @SpringBootConfiguration br.com.apachecamel.ApachecamelApplication for test class br.com.apachecamel.ApachecamelApplicationTests
18:33:11.754 [main] DEBUG org.springframework.boot.test.context.SpringBootTestContextBootstrapper - @TestExecutionListeners is not present for class [br.com.apachecamel.ApachecamelApplicationTests]: using defaults.
18:33:11.754 [main] INFO org.springframework.boot.test.context.SpringBootTestContextBootstrapper - Loaded default TestExecutionListener class names from location [META-INF/spring.factories]: [org.springframework.boot.test.mock.mockito.MockitoTestExecutionListener, org.springframework.boot.test.mock.mockito.ResetMocksTestExecutionListener, org.springframework.boot.test.autoconfigure.restdocs.RestDocsTestExecutionListener, org.springframework.boot.test.autoconfigure.web.client.MockRestServiceServerResetTestExecutionListener, org.springframework.boot.test.autoconfigure.web.servlet.MockMvcPrintOnlyOnFailureTestExecutionListener, org.springframework.boot.test.autoconfigure.web.servlet.WebDriverTestExecutionListener, org.springframework.boot.test.autoconfigure.webservices.client.MockWebServiceServerTestExecutionListener, org.springframework.test.context.web.ServletTestExecutionListener, org.springframework.test.context.support.DirtiesContextBeforeModesTestExecutionListener, org.springframework.test.context.event.ApplicationEventsTestExecutionListener, org.springframework.test.context.support.DependencyInjectionTestExecutionListener, org.springframework.test.context.support.DirtiesContextTestExecutionListener, org.springframework.test.context.transaction.TransactionalTestExecutionListener, org.springframework.test.context.jdbc.SqlScriptsTestExecutionListener, org.springframework.test.context.event.EventPublishingTestExecutionListener]
18:33:11.771 [main] INFO org.springframework.boot.test.context.SpringBootTestContextBootstrapper - Using TestExecutionListeners: [org.springframework.test.context.web.ServletTestExecutionListener@52c3cb31, org.springframework.test.context.support.DirtiesContextBeforeModesTestExecutionListener@4b79ac84, org.springframework.test.context.event.ApplicationEventsTestExecutionListener@53941c2f, org.springframework.boot.test.mock.mockito.MockitoTestExecutionListener@6dab9b6d, org.springframework.boot.test.autoconfigure.SpringBootDependencyInjectionTestExecutionListener@21fd5faa, org.springframework.test.context.support.DirtiesContextTestExecutionListener@2766ca9d, org.springframework.test.context.transaction.TransactionalTestExecutionListener@5460cf3a, org.springframework.test.context.jdbc.SqlScriptsTestExecutionListener@65a15628, org.springframework.test.context.event.EventPublishingTestExecutionListener@2e6a5539, org.springframework.boot.test.mock.mockito.ResetMocksTestExecutionListener@3fc9504b, org.springframework.boot.test.autoconfigure.restdocs.RestDocsTestExecutionListener@6d025197, org.springframework.boot.test.autoconfigure.web.client.MockRestServiceServerResetTestExecutionListener@27d4a09, org.springframework.boot.test.autoconfigure.web.servlet.MockMvcPrintOnlyOnFailureTestExecutionListener@7e4204e2, org.springframework.boot.test.autoconfigure.web.servlet.WebDriverTestExecutionListener@b7c4869, org.springframework.boot.test.autoconfigure.webservices.client.MockWebServiceServerTestExecutionListener@740d2e78]
18:33:11.775 [main] DEBUG org.springframework.test.context.support.AbstractDirtiesContextTestExecutionListener - Before test class: context [DefaultTestContext@2631f68c testClass = ApachecamelApplicationTests, testInstance = [null], testMethod = [null], testException = [null], mergedContextConfiguration = [WebMergedContextConfiguration@6ed3f258 testClass = ApachecamelApplicationTests, locations = '{}', classes = '{class br.com.apachecamel.ApachecamelApplication}', contextInitializerClasses = '[]', activeProfiles = '{}', propertySourceLocations = '{}', propertySourceProperties = '{org.springframework.boot.test.context.SpringBootTestContextBootstrapper=true}', contextCustomizers = set[org.springframework.boot.test.context.filter.ExcludeFilterContextCustomizer@771a660, org.springframework.boot.test.json.DuplicateJsonObjectContextCustomizerFactory$DuplicateJsonObjectContextCustomizer@942a29c, org.springframework.boot.test.mock.mockito.MockitoContextCustomizer@0, org.springframework.boot.test.web.client.TestRestTemplateContextCustomizer@4d154ccd, org.springframework.boot.test.autoconfigure.actuate.metrics.MetricsExportContextCustomizerFactory$DisableMetricExportContextCustomizer@6340e5f0, org.springframework.boot.test.autoconfigure.properties.PropertyMappingContextCustomizer@0, org.springframework.boot.test.autoconfigure.web.servlet.WebDriverContextCustomizerFactory$Customizer@54c5a2ff, org.springframework.boot.test.context.SpringBootTestArgs@1, org.springframework.boot.test.context.SpringBootTestWebEnvironment@6950e31], resourceBasePath = 'src/main/webapp', contextLoader = 'org.springframework.boot.test.context.SpringBootContextLoader', parent = [null]], attributes = map['org.springframework.test.context.web.ServletTestExecutionListener.activateListener' -> true]], class annotated with @DirtiesContext [false] with mode [null].

  .   ____          _            __ _ _
 /\\ / ___'_ __ _ _(_)_ __  __ _ \ \ \ \
( ( )\___ | '_ | '_| | '_ \/ _` | \ \ \ \
 \\/  ___)| |_)| | | | | || (_| |  ) ) ) )
  '  |____| .__|_| |_|_| |_\__, | / / / /
 =========|_|==============|___/=/_/_/_/
 :: Spring Boot ::       (v2.7.7-SNAPSHOT)

2022-12-17 18:33:12.137  INFO 5028 --- [           main] b.c.a.ApachecamelApplicationTests        : Starting ApachecamelApplicationTests using Java 17.0.4 on DESKTOP-IGCS1LI with PID 5028 (started by pedro in C:\Users\pedro\projects\apachecamel)
2022-12-17 18:33:12.139  INFO 5028 --- [           main] b.c.a.ApachecamelApplicationTests        : No active profile set, falling back to 1 default profile: "default"
2022-12-17 18:33:15.182  INFO 5028 --- [           main] ConditionEvaluationReportLoggingListener : 

Error starting ApplicationContext. To display the conditions report re-run your application with 'debug' enabled.
2022-12-17 18:33:15.213 ERROR 5028 --- [           main] o.s.boot.SpringApplication               : Application run failed

org.apache.camel.FailedToCreateRouteException: Failed to create route route1 at: >>> To[C:/Users/pedro/Downloads/MOCK_DATA_RESULT] <<< in route: Route(route1)[From[file://C:\Users\pedro\apache-cammel\input... because of No endpoint could be found for: C:///Users/pedro/Downloads/MOCK_DATA_RESULT, please check your classpath contains the needed Camel component jar.
	at org.apache.camel.reifier.RouteReifier.doCreateRoute(RouteReifier.java:241) ~[camel-core-reifier-3.19.0.jar:3.19.0]
	at org.apache.camel.reifier.RouteReifier.createRoute(RouteReifier.java:75) ~[camel-core-reifier-3.19.0.jar:3.19.0]
	at org.apache.camel.impl.DefaultModelReifierFactory.createRoute(DefaultModelReifierFactory.java:49) ~[camel-core-engine-3.19.0.jar:3.19.0]
	at org.apache.camel.impl.DefaultCamelContext.startRouteDefinitions(DefaultCamelContext.java:891) ~[camel-core-engine-3.19.0.jar:3.19.0]
	at org.apache.camel.impl.DefaultCamelContext.startRouteDefinitions(DefaultCamelContext.java:765) ~[camel-core-engine-3.19.0.jar:3.19.0]
	at org.apache.camel.impl.engine.AbstractCamelContext.doInit(AbstractCamelContext.java:3000) ~[camel-base-engine-3.19.0.jar:3.19.0]
	at org.apache.camel.support.service.BaseService.init(BaseService.java:83) ~[camel-api-3.19.0.jar:3.19.0]
	at org.apache.camel.impl.engine.AbstractCamelContext.init(AbstractCamelContext.java:2671) ~[camel-base-engine-3.19.0.jar:3.19.0]
	at org.apache.camel.support.service.BaseService.start(BaseService.java:111) ~[camel-api-3.19.0.jar:3.19.0]
	at org.apache.camel.impl.engine.AbstractCamelContext.start(AbstractCamelContext.java:2690) ~[camel-base-engine-3.19.0.jar:3.19.0]
	at org.apache.camel.impl.DefaultCamelContext.start(DefaultCamelContext.java:262) ~[camel-core-engine-3.19.0.jar:3.19.0]
	at org.apache.camel.spring.SpringCamelContext.start(SpringCamelContext.java:119) ~[camel-spring-3.19.0.jar:3.19.0]
	at org.apache.camel.spring.SpringCamelContext.onApplicationEvent(SpringCamelContext.java:151) ~[camel-spring-3.19.0.jar:3.19.0]
	at org.springframework.context.event.SimpleApplicationEventMulticaster.doInvokeListener(SimpleApplicationEventMulticaster.java:176) ~[spring-context-5.3.24.jar:5.3.24]
	at org.springframework.context.event.SimpleApplicationEventMulticaster.invokeListener(SimpleApplicationEventMulticaster.java:169) ~[spring-context-5.3.24.jar:5.3.24]
	at org.springframework.context.event.SimpleApplicationEventMulticaster.multicastEvent(SimpleApplicationEventMulticaster.java:143) ~[spring-context-5.3.24.jar:5.3.24]
	at org.springframework.context.support.AbstractApplicationContext.publishEvent(AbstractApplicationContext.java:421) ~[spring-context-5.3.24.jar:5.3.24]
	at org.springframework.context.support.AbstractApplicationContext.publishEvent(AbstractApplicationContext.java:378) ~[spring-context-5.3.24.jar:5.3.24]
	at org.springframework.context.support.AbstractApplicationContext.finishRefresh(AbstractApplicationContext.java:938) ~[spring-context-5.3.24.jar:5.3.24]
	at org.springframework.context.support.AbstractApplicationContext.refresh(AbstractApplicationContext.java:586) ~[spring-context-5.3.24.jar:5.3.24]
	at org.springframework.boot.SpringApplication.refresh(SpringApplication.java:731) ~[spring-boot-2.7.7-SNAPSHOT.jar:2.7.7-SNAPSHOT]
	at org.springframework.boot.SpringApplication.refreshContext(SpringApplication.java:408) ~[spring-boot-2.7.7-SNAPSHOT.jar:2.7.7-SNAPSHOT]
	at org.springframework.boot.SpringApplication.run(SpringApplication.java:307) ~[spring-boot-2.7.7-SNAPSHOT.jar:2.7.7-SNAPSHOT]
	at org.springframework.boot.test.context.SpringBootContextLoader.loadContext(SpringBootContextLoader.java:136) ~[spring-boot-test-2.7.7-SNAPSHOT.jar:2.7.7-SNAPSHOT]
	at org.springframework.test.context.cache.DefaultCacheAwareContextLoaderDelegate.loadContextInternal(DefaultCacheAwareContextLoaderDelegate.java:141) ~[spring-test-5.3.24.jar:5.3.24]
	at org.springframework.test.context.cache.DefaultCacheAwareContextLoaderDelegate.loadContext(DefaultCacheAwareContextLoaderDelegate.java:90) ~[spring-test-5.3.24.jar:5.3.24]
	at org.springframework.test.context.support.DefaultTestContext.getApplicationContext(DefaultTestContext.java:124) ~[spring-test-5.3.24.jar:5.3.24]
	at org.springframework.test.context.web.ServletTestExecutionListener.setUpRequestContextIfNecessary(ServletTestExecutionListener.java:190) ~[spring-test-5.3.24.jar:5.3.24]
	at org.springframework.test.context.web.ServletTestExecutionListener.prepareTestInstance(ServletTestExecutionListener.java:132) ~[spring-test-5.3.24.jar:5.3.24]
	at org.springframework.test.context.TestContextManager.prepareTestInstance(TestContextManager.java:248) ~[spring-test-5.3.24.jar:5.3.24]
	at org.springframework.test.context.junit.jupiter.SpringExtension.postProcessTestInstance(SpringExtension.java:138) ~[spring-test-5.3.24.jar:5.3.24]
	at org.junit.jupiter.engine.descriptor.ClassBasedTestDescriptor.lambda$invokeTestInstancePostProcessors$8(ClassBasedTestDescriptor.java:363) ~[junit-jupiter-engine-5.8.2.jar:5.8.2]
	at org.junit.jupiter.engine.descriptor.ClassBasedTestDescriptor.executeAndMaskThrowable(ClassBasedTestDescriptor.java:368) ~[junit-jupiter-engine-5.8.2.jar:5.8.2]
	at org.junit.jupiter.engine.descriptor.ClassBasedTestDescriptor.lambda$invokeTestInstancePostProcessors$9(ClassBasedTestDescriptor.java:363) ~[junit-jupiter-engine-5.8.2.jar:5.8.2]
	at java.base/java.util.stream.ReferencePipeline$3$1.accept(ReferencePipeline.java:197) ~[na:na]
	at java.base/java.util.stream.ReferencePipeline$2$1.accept(ReferencePipeline.java:179) ~[na:na]
	at java.base/java.util.ArrayList$ArrayListSpliterator.forEachRemaining(ArrayList.java:1625) ~[na:na]
	at java.base/java.util.stream.AbstractPipeline.copyInto(AbstractPipeline.java:509) ~[na:na]
	at java.base/java.util.stream.AbstractPipeline.wrapAndCopyInto(AbstractPipeline.java:499) ~[na:na]
	at java.base/java.util.stream.StreamSpliterators$WrappingSpliterator.forEachRemaining(StreamSpliterators.java:310) ~[na:na]
	at java.base/java.util.stream.Streams$ConcatSpliterator.forEachRemaining(Streams.java:735) ~[na:na]
	at java.base/java.util.stream.Streams$ConcatSpliterator.forEachRemaining(Streams.java:734) ~[na:na]
	at java.base/java.util.stream.ReferencePipeline$Head.forEach(ReferencePipeline.java:762) ~[na:na]
	at org.junit.jupiter.engine.descriptor.ClassBasedTestDescriptor.invokeTestInstancePostProcessors(ClassBasedTestDescriptor.java:362) ~[junit-jupiter-engine-5.8.2.jar:5.8.2]
	at org.junit.jupiter.engine.descriptor.ClassBasedTestDescriptor.lambda$instantiateAndPostProcessTestInstance$6(ClassBasedTestDescriptor.java:283) ~[junit-jupiter-engine-5.8.2.jar:5.8.2]
	at org.junit.platform.engine.support.hierarchical.ThrowableCollector.execute(ThrowableCollector.java:73) ~[junit-platform-engine-1.8.2.jar:1.8.2]
	at org.junit.jupiter.engine.descriptor.ClassBasedTestDescriptor.instantiateAndPostProcessTestInstance(ClassBasedTestDescriptor.java:282) ~[junit-jupiter-engine-5.8.2.jar:5.8.2]
	at org.junit.jupiter.engine.descriptor.ClassBasedTestDescriptor.lambda$testInstancesProvider$4(ClassBasedTestDescriptor.java:272) ~[junit-jupiter-engine-5.8.2.jar:5.8.2]
	at java.base/java.util.Optional.orElseGet(Optional.java:364) ~[na:na]
	at org.junit.jupiter.engine.descriptor.ClassBasedTestDescriptor.lambda$testInstancesProvider$5(ClassBasedTestDescriptor.java:271) ~[junit-jupiter-engine-5.8.2.jar:5.8.2]
	at org.junit.jupiter.engine.execution.TestInstancesProvider.getTestInstances(TestInstancesProvider.java:31) ~[junit-jupiter-engine-5.8.2.jar:5.8.2]
	at org.junit.jupiter.engine.descriptor.TestMethodTestDescriptor.lambda$prepare$0(TestMethodTestDescriptor.java:102) ~[junit-jupiter-engine-5.8.2.jar:5.8.2]
	at org.junit.platform.engine.support.hierarchical.ThrowableCollector.execute(ThrowableCollector.java:73) ~[junit-platform-engine-1.8.2.jar:1.8.2]
	at org.junit.jupiter.engine.descriptor.TestMethodTestDescriptor.prepare(TestMethodTestDescriptor.java:101) ~[junit-jupiter-engine-5.8.2.jar:5.8.2]
	at org.junit.jupiter.engine.descriptor.TestMethodTestDescriptor.prepare(TestMethodTestDescriptor.java:66) ~[junit-jupiter-engine-5.8.2.jar:5.8.2]
	at org.junit.platform.engine.support.hierarchical.NodeTestTask.lambda$prepare$2(NodeTestTask.java:123) ~[junit-platform-engine-1.8.2.jar:1.8.2]
	at org.junit.platform.engine.support.hierarchical.ThrowableCollector.execute(ThrowableCollector.java:73) ~[junit-platform-engine-1.8.2.jar:1.8.2]
	at org.junit.platform.engine.support.hierarchical.NodeTestTask.prepare(NodeTestTask.java:123) ~[junit-platform-engine-1.8.2.jar:1.8.2]
	at org.junit.platform.engine.support.hierarchical.NodeTestTask.execute(NodeTestTask.java:90) ~[junit-platform-engine-1.8.2.jar:1.8.2]
	at java.base/java.util.ArrayList.forEach(ArrayList.java:1511) ~[na:na]
	at org.junit.platform.engine.support.hierarchical.SameThreadHierarchicalTestExecutorService.invokeAll(SameThreadHierarchicalTestExecutorService.java:41) ~[junit-platform-engine-1.8.2.jar:1.8.2]
	at org.junit.platform.engine.support.hierarchical.NodeTestTask.lambda$executeRecursively$6(NodeTestTask.java:155) ~[junit-platform-engine-1.8.2.jar:1.8.2]
	at org.junit.platform.engine.support.hierarchical.ThrowableCollector.execute(ThrowableCollector.java:73) ~[junit-platform-engine-1.8.2.jar:1.8.2]
	at org.junit.platform.engine.support.hierarchical.NodeTestTask.lambda$executeRecursively$8(NodeTestTask.java:141) ~[junit-platform-engine-1.8.2.jar:1.8.2]
	at org.junit.platform.engine.support.hierarchical.Node.around(Node.java:137) ~[junit-platform-engine-1.8.2.jar:1.8.2]
	at org.junit.platform.engine.support.hierarchical.NodeTestTask.lambda$executeRecursively$9(NodeTestTask.java:139) ~[junit-platform-engine-1.8.2.jar:1.8.2]
	at org.junit.platform.engine.support.hierarchical.ThrowableCollector.execute(ThrowableCollector.java:73) ~[junit-platform-engine-1.8.2.jar:1.8.2]
	at org.junit.platform.engine.support.hierarchical.NodeTestTask.executeRecursively(NodeTestTask.java:138) ~[junit-platform-engine-1.8.2.jar:1.8.2]
	at org.junit.platform.engine.support.hierarchical.NodeTestTask.execute(NodeTestTask.java:95) ~[junit-platform-engine-1.8.2.jar:1.8.2]
	at java.base/java.util.ArrayList.forEach(ArrayList.java:1511) ~[na:na]
	at org.junit.platform.engine.support.hierarchical.SameThreadHierarchicalTestExecutorService.invokeAll(SameThreadHierarchicalTestExecutorService.java:41) ~[junit-platform-engine-1.8.2.jar:1.8.2]
	at org.junit.platform.engine.support.hierarchical.NodeTestTask.lambda$executeRecursively$6(NodeTestTask.java:155) ~[junit-platform-engine-1.8.2.jar:1.8.2]
	at org.junit.platform.engine.support.hierarchical.ThrowableCollector.execute(ThrowableCollector.java:73) ~[junit-platform-engine-1.8.2.jar:1.8.2]
	at org.junit.platform.engine.support.hierarchical.NodeTestTask.lambda$executeRecursively$8(NodeTestTask.java:141) ~[junit-platform-engine-1.8.2.jar:1.8.2]
	at org.junit.platform.engine.support.hierarchical.Node.around(Node.java:137) ~[junit-platform-engine-1.8.2.jar:1.8.2]
	at org.junit.platform.engine.support.hierarchical.NodeTestTask.lambda$executeRecursively$9(NodeTestTask.java:139) ~[junit-platform-engine-1.8.2.jar:1.8.2]
	at org.junit.platform.engine.support.hierarchical.ThrowableCollector.execute(ThrowableCollector.java:73) ~[junit-platform-engine-1.8.2.jar:1.8.2]
	at org.junit.platform.engine.support.hierarchical.NodeTestTask.executeRecursively(NodeTestTask.java:138) ~[junit-platform-engine-1.8.2.jar:1.8.2]
	at org.junit.platform.engine.support.hierarchical.NodeTestTask.execute(NodeTestTask.java:95) ~[junit-platform-engine-1.8.2.jar:1.8.2]
	at org.junit.platform.engine.support.hierarchical.SameThreadHierarchicalTestExecutorService.submit(SameThreadHierarchicalTestExecutorService.java:35) ~[junit-platform-engine-1.8.2.jar:1.8.2]
	at org.junit.platform.engine.support.hierarchical.HierarchicalTestExecutor.execute(HierarchicalTestExecutor.java:57) ~[junit-platform-engine-1.8.2.jar:1.8.2]
	at org.junit.platform.engine.support.hierarchical.HierarchicalTestEngine.execute(HierarchicalTestEngine.java:54) ~[junit-platform-engine-1.8.2.jar:1.8.2]
	at org.junit.platform.launcher.core.DefaultLauncher.execute(DefaultLauncher.java:220) ~[junit-platform-launcher-1.3.1.jar:1.3.1]
	at org.junit.platform.launcher.core.DefaultLauncher.lambda$execute$6(DefaultLauncher.java:188) ~[junit-platform-launcher-1.3.1.jar:1.3.1]
	at org.junit.platform.launcher.core.DefaultLauncher.withInterceptedStreams(DefaultLauncher.java:202) ~[junit-platform-launcher-1.3.1.jar:1.3.1]
	at org.junit.platform.launcher.core.DefaultLauncher.execute(DefaultLauncher.java:181) ~[junit-platform-launcher-1.3.1.jar:1.3.1]
	at org.junit.platform.launcher.core.DefaultLauncher.execute(DefaultLauncher.java:128) ~[junit-platform-launcher-1.3.1.jar:1.3.1]
	at org.apache.maven.surefire.junitplatform.JUnitPlatformProvider.invokeAllTests(JUnitPlatformProvider.java:150) ~[surefire-junit-platform-2.22.2.jar:2.22.2]
	at org.apache.maven.surefire.junitplatform.JUnitPlatformProvider.invoke(JUnitPlatformProvider.java:124) ~[surefire-junit-platform-2.22.2.jar:2.22.2]
	at org.apache.maven.surefire.booter.ForkedBooter.invokeProviderInSameClassLoader(ForkedBooter.java:384) ~[surefire-booter-2.22.2.jar:2.22.2]
	at org.apache.maven.surefire.booter.ForkedBooter.runSuitesInProcess(ForkedBooter.java:345) ~[surefire-booter-2.22.2.jar:2.22.2]
	at org.apache.maven.surefire.booter.ForkedBooter.execute(ForkedBooter.java:126) ~[surefire-booter-2.22.2.jar:2.22.2]
	at org.apache.maven.surefire.booter.ForkedBooter.main(ForkedBooter.java:418) ~[surefire-booter-2.22.2.jar:2.22.2]
Caused by: org.apache.camel.NoSuchEndpointException: No endpoint could be found for: C:///Users/pedro/Downloads/MOCK_DATA_RESULT, please check your classpath contains the needed Camel component jar.
	at org.apache.camel.impl.engine.AbstractCamelContext.doGetEndpoint(AbstractCamelContext.java:1015) ~[camel-base-engine-3.19.0.jar:3.19.0]
	at org.apache.camel.impl.engine.AbstractCamelContext.getEndpoint(AbstractCamelContext.java:891) ~[camel-base-engine-3.19.0.jar:3.19.0]
	at org.apache.camel.support.CamelContextHelper.resolveEndpoint(CamelContextHelper.java:127) ~[camel-support-3.19.0.jar:3.19.0]
	at org.apache.camel.reifier.SendReifier.resolveEndpoint(SendReifier.java:45) ~[camel-core-reifier-3.19.0.jar:3.19.0]
	at org.apache.camel.reifier.SendReifier.createProcessor(SendReifier.java:37) ~[camel-core-reifier-3.19.0.jar:3.19.0]
	at org.apache.camel.reifier.ProcessorReifier.makeProcessor(ProcessorReifier.java:847) ~[camel-core-reifier-3.19.0.jar:3.19.0]
	at org.apache.camel.reifier.ProcessorReifier.addRoutes(ProcessorReifier.java:588) ~[camel-core-reifier-3.19.0.jar:3.19.0]
	at org.apache.camel.reifier.RouteReifier.doCreateRoute(RouteReifier.java:237) ~[camel-core-reifier-3.19.0.jar:3.19.0]
	... 92 common frames omitted

2022-12-17 18:33:15.225 ERROR 5028 --- [           main] o.s.test.context.TestContextManager      : Caught exception while allowing TestExecutionListener [org.springframework.test.context.web.ServletTestExecutionListener@52c3cb31] to prepare test instance [br.com.apachecamel.ApachecamelApplicationTests@658e7ead]

java.lang.IllegalStateException: Failed to load ApplicationContext
	at org.springframework.test.context.cache.DefaultCacheAwareContextLoaderDelegate.loadContext(DefaultCacheAwareContextLoaderDelegate.java:98) ~[spring-test-5.3.24.jar:5.3.24]
	at org.springframework.test.context.support.DefaultTestContext.getApplicationContext(DefaultTestContext.java:124) ~[spring-test-5.3.24.jar:5.3.24]
	at org.springframework.test.context.web.ServletTestExecutionListener.setUpRequestContextIfNecessary(ServletTestExecutionListener.java:190) ~[spring-test-5.3.24.jar:5.3.24]
	at org.springframework.test.context.web.ServletTestExecutionListener.prepareTestInstance(ServletTestExecutionListener.java:132) ~[spring-test-5.3.24.jar:5.3.24]
	at org.springframework.test.context.TestContextManager.prepareTestInstance(TestContextManager.java:248) ~[spring-test-5.3.24.jar:5.3.24]
	at org.springframework.test.context.junit.jupiter.SpringExtension.postProcessTestInstance(SpringExtension.java:138) ~[spring-test-5.3.24.jar:5.3.24]
	at org.junit.jupiter.engine.descriptor.ClassBasedTestDescriptor.lambda$invokeTestInstancePostProcessors$8(ClassBasedTestDescriptor.java:363) ~[junit-jupiter-engine-5.8.2.jar:5.8.2]
	at org.junit.jupiter.engine.descriptor.ClassBasedTestDescriptor.executeAndMaskThrowable(ClassBasedTestDescriptor.java:368) ~[junit-jupiter-engine-5.8.2.jar:5.8.2]
	at org.junit.jupiter.engine.descriptor.ClassBasedTestDescriptor.lambda$invokeTestInstancePostProcessors$9(ClassBasedTestDescriptor.java:363) ~[junit-jupiter-engine-5.8.2.jar:5.8.2]
	at java.base/java.util.stream.ReferencePipeline$3$1.accept(ReferencePipeline.java:197) ~[na:na]
	at java.base/java.util.stream.ReferencePipeline$2$1.accept(ReferencePipeline.java:179) ~[na:na]
	at java.base/java.util.ArrayList$ArrayListSpliterator.forEachRemaining(ArrayList.java:1625) ~[na:na]
	at java.base/java.util.stream.AbstractPipeline.copyInto(AbstractPipeline.java:509) ~[na:na]
	at java.base/java.util.stream.AbstractPipeline.wrapAndCopyInto(AbstractPipeline.java:499) ~[na:na]
	at java.base/java.util.stream.StreamSpliterators$WrappingSpliterator.forEachRemaining(StreamSpliterators.java:310) ~[na:na]
	at java.base/java.util.stream.Streams$ConcatSpliterator.forEachRemaining(Streams.java:735) ~[na:na]
	at java.base/java.util.stream.Streams$ConcatSpliterator.forEachRemaining(Streams.java:734) ~[na:na]
	at java.base/java.util.stream.ReferencePipeline$Head.forEach(ReferencePipeline.java:762) ~[na:na]
	at org.junit.jupiter.engine.descriptor.ClassBasedTestDescriptor.invokeTestInstancePostProcessors(ClassBasedTestDescriptor.java:362) ~[junit-jupiter-engine-5.8.2.jar:5.8.2]
	at org.junit.jupiter.engine.descriptor.ClassBasedTestDescriptor.lambda$instantiateAndPostProcessTestInstance$6(ClassBasedTestDescriptor.java:283) ~[junit-jupiter-engine-5.8.2.jar:5.8.2]
	at org.junit.platform.engine.support.hierarchical.ThrowableCollector.execute(ThrowableCollector.java:73) ~[junit-platform-engine-1.8.2.jar:1.8.2]
	at org.junit.jupiter.engine.descriptor.ClassBasedTestDescriptor.instantiateAndPostProcessTestInstance(ClassBasedTestDescriptor.java:282) ~[junit-jupiter-engine-5.8.2.jar:5.8.2]
	at org.junit.jupiter.engine.descriptor.ClassBasedTestDescriptor.lambda$testInstancesProvider$4(ClassBasedTestDescriptor.java:272) ~[junit-jupiter-engine-5.8.2.jar:5.8.2]
	at java.base/java.util.Optional.orElseGet(Optional.java:364) ~[na:na]
	at org.junit.jupiter.engine.descriptor.ClassBasedTestDescriptor.lambda$testInstancesProvider$5(ClassBasedTestDescriptor.java:271) ~[junit-jupiter-engine-5.8.2.jar:5.8.2]
	at org.junit.jupiter.engine.execution.TestInstancesProvider.getTestInstances(TestInstancesProvider.java:31) ~[junit-jupiter-engine-5.8.2.jar:5.8.2]
	at org.junit.jupiter.engine.descriptor.TestMethodTestDescriptor.lambda$prepare$0(TestMethodTestDescriptor.java:102) ~[junit-jupiter-engine-5.8.2.jar:5.8.2]
	at org.junit.platform.engine.support.hierarchical.ThrowableCollector.execute(ThrowableCollector.java:73) ~[junit-platform-engine-1.8.2.jar:1.8.2]
	at org.junit.jupiter.engine.descriptor.TestMethodTestDescriptor.prepare(TestMethodTestDescriptor.java:101) ~[junit-jupiter-engine-5.8.2.jar:5.8.2]
	at org.junit.jupiter.engine.descriptor.TestMethodTestDescriptor.prepare(TestMethodTestDescriptor.java:66) ~[junit-jupiter-engine-5.8.2.jar:5.8.2]
	at org.junit.platform.engine.support.hierarchical.NodeTestTask.lambda$prepare$2(NodeTestTask.java:123) ~[junit-platform-engine-1.8.2.jar:1.8.2]
	at org.junit.platform.engine.support.hierarchical.ThrowableCollector.execute(ThrowableCollector.java:73) ~[junit-platform-engine-1.8.2.jar:1.8.2]
	at org.junit.platform.engine.support.hierarchical.NodeTestTask.prepare(NodeTestTask.java:123) ~[junit-platform-engine-1.8.2.jar:1.8.2]
	at org.junit.platform.engine.support.hierarchical.NodeTestTask.execute(NodeTestTask.java:90) ~[junit-platform-engine-1.8.2.jar:1.8.2]
	at java.base/java.util.ArrayList.forEach(ArrayList.java:1511) ~[na:na]
	at org.junit.platform.engine.support.hierarchical.SameThreadHierarchicalTestExecutorService.invokeAll(SameThreadHierarchicalTestExecutorService.java:41) ~[junit-platform-engine-1.8.2.jar:1.8.2]
	at org.junit.platform.engine.support.hierarchical.NodeTestTask.lambda$executeRecursively$6(NodeTestTask.java:155) ~[junit-platform-engine-1.8.2.jar:1.8.2]
	at org.junit.platform.engine.support.hierarchical.ThrowableCollector.execute(ThrowableCollector.java:73) ~[junit-platform-engine-1.8.2.jar:1.8.2]
	at org.junit.platform.engine.support.hierarchical.NodeTestTask.lambda$executeRecursively$8(NodeTestTask.java:141) ~[junit-platform-engine-1.8.2.jar:1.8.2]
	at org.junit.platform.engine.support.hierarchical.Node.around(Node.java:137) ~[junit-platform-engine-1.8.2.jar:1.8.2]
	at org.junit.platform.engine.support.hierarchical.NodeTestTask.lambda$executeRecursively$9(NodeTestTask.java:139) ~[junit-platform-engine-1.8.2.jar:1.8.2]
	at org.junit.platform.engine.support.hierarchical.ThrowableCollector.execute(ThrowableCollector.java:73) ~[junit-platform-engine-1.8.2.jar:1.8.2]
	at org.junit.platform.engine.support.hierarchical.NodeTestTask.executeRecursively(NodeTestTask.java:138) ~[junit-platform-engine-1.8.2.jar:1.8.2]
	at org.junit.platform.engine.support.hierarchical.NodeTestTask.execute(NodeTestTask.java:95) ~[junit-platform-engine-1.8.2.jar:1.8.2]
	at java.base/java.util.ArrayList.forEach(ArrayList.java:1511) ~[na:na]
	at org.junit.platform.engine.support.hierarchical.SameThreadHierarchicalTestExecutorService.invokeAll(SameThreadHierarchicalTestExecutorService.java:41) ~[junit-platform-engine-1.8.2.jar:1.8.2]
	at org.junit.platform.engine.support.hierarchical.NodeTestTask.lambda$executeRecursively$6(NodeTestTask.java:155) ~[junit-platform-engine-1.8.2.jar:1.8.2]
	at org.junit.platform.engine.support.hierarchical.ThrowableCollector.execute(ThrowableCollector.java:73) ~[junit-platform-engine-1.8.2.jar:1.8.2]
	at org.junit.platform.engine.support.hierarchical.NodeTestTask.lambda$executeRecursively$8(NodeTestTask.java:141) ~[junit-platform-engine-1.8.2.jar:1.8.2]
	at org.junit.platform.engine.support.hierarchical.Node.around(Node.java:137) ~[junit-platform-engine-1.8.2.jar:1.8.2]
	at org.junit.platform.engine.support.hierarchical.NodeTestTask.lambda$executeRecursively$9(NodeTestTask.java:139) ~[junit-platform-engine-1.8.2.jar:1.8.2]
	at org.junit.platform.engine.support.hierarchical.ThrowableCollector.execute(ThrowableCollector.java:73) ~[junit-platform-engine-1.8.2.jar:1.8.2]
	at org.junit.platform.engine.support.hierarchical.NodeTestTask.executeRecursively(NodeTestTask.java:138) ~[junit-platform-engine-1.8.2.jar:1.8.2]
	at org.junit.platform.engine.support.hierarchical.NodeTestTask.execute(NodeTestTask.java:95) ~[junit-platform-engine-1.8.2.jar:1.8.2]
	at org.junit.platform.engine.support.hierarchical.SameThreadHierarchicalTestExecutorService.submit(SameThreadHierarchicalTestExecutorService.java:35) ~[junit-platform-engine-1.8.2.jar:1.8.2]
	at org.junit.platform.engine.support.hierarchical.HierarchicalTestExecutor.execute(HierarchicalTestExecutor.java:57) ~[junit-platform-engine-1.8.2.jar:1.8.2]
	at org.junit.platform.engine.support.hierarchical.HierarchicalTestEngine.execute(HierarchicalTestEngine.java:54) ~[junit-platform-engine-1.8.2.jar:1.8.2]
	at org.junit.platform.launcher.core.DefaultLauncher.execute(DefaultLauncher.java:220) ~[junit-platform-launcher-1.3.1.jar:1.3.1]
	at org.junit.platform.launcher.core.DefaultLauncher.lambda$execute$6(DefaultLauncher.java:188) ~[junit-platform-launcher-1.3.1.jar:1.3.1]
	at org.junit.platform.launcher.core.DefaultLauncher.withInterceptedStreams(DefaultLauncher.java:202) ~[junit-platform-launcher-1.3.1.jar:1.3.1]
	at org.junit.platform.launcher.core.DefaultLauncher.execute(DefaultLauncher.java:181) ~[junit-platform-launcher-1.3.1.jar:1.3.1]
	at org.junit.platform.launcher.core.DefaultLauncher.execute(DefaultLauncher.java:128) ~[junit-platform-launcher-1.3.1.jar:1.3.1]
	at org.apache.maven.surefire.junitplatform.JUnitPlatformProvider.invokeAllTests(JUnitPlatformProvider.java:150) ~[surefire-junit-platform-2.22.2.jar:2.22.2]
	at org.apache.maven.surefire.junitplatform.JUnitPlatformProvider.invoke(JUnitPlatformProvider.java:124) ~[surefire-junit-platform-2.22.2.jar:2.22.2]
	at org.apache.maven.surefire.booter.ForkedBooter.invokeProviderInSameClassLoader(ForkedBooter.java:384) ~[surefire-booter-2.22.2.jar:2.22.2]
	at org.apache.maven.surefire.booter.ForkedBooter.runSuitesInProcess(ForkedBooter.java:345) ~[surefire-booter-2.22.2.jar:2.22.2]
	at org.apache.maven.surefire.booter.ForkedBooter.execute(ForkedBooter.java:126) ~[surefire-booter-2.22.2.jar:2.22.2]
	at org.apache.maven.surefire.booter.ForkedBooter.main(ForkedBooter.java:418) ~[surefire-booter-2.22.2.jar:2.22.2]
Caused by: org.apache.camel.FailedToCreateRouteException: Failed to create route route1 at: >>> To[C:/Users/pedro/Downloads/MOCK_DATA_RESULT] <<< in route: Route(route1)[From[file://C:\Users\pedro\apache-cammel\input... because of No endpoint could be found for: C:///Users/pedro/Downloads/MOCK_DATA_RESULT, please check your classpath contains the needed Camel component jar.
	at org.apache.camel.reifier.RouteReifier.doCreateRoute(RouteReifier.java:241) ~[camel-core-reifier-3.19.0.jar:3.19.0]
	at org.apache.camel.reifier.RouteReifier.createRoute(RouteReifier.java:75) ~[camel-core-reifier-3.19.0.jar:3.19.0]
	at org.apache.camel.impl.DefaultModelReifierFactory.createRoute(DefaultModelReifierFactory.java:49) ~[camel-core-engine-3.19.0.jar:3.19.0]
	at org.apache.camel.impl.DefaultCamelContext.startRouteDefinitions(DefaultCamelContext.java:891) ~[camel-core-engine-3.19.0.jar:3.19.0]
	at org.apache.camel.impl.DefaultCamelContext.startRouteDefinitions(DefaultCamelContext.java:765) ~[camel-core-engine-3.19.0.jar:3.19.0]
	at org.apache.camel.impl.engine.AbstractCamelContext.doInit(AbstractCamelContext.java:3000) ~[camel-base-engine-3.19.0.jar:3.19.0]
	at org.apache.camel.support.service.BaseService.init(BaseService.java:83) ~[camel-api-3.19.0.jar:3.19.0]
	at org.apache.camel.impl.engine.AbstractCamelContext.init(AbstractCamelContext.java:2671) ~[camel-base-engine-3.19.0.jar:3.19.0]
	at org.apache.camel.support.service.BaseService.start(BaseService.java:111) ~[camel-api-3.19.0.jar:3.19.0]
	at org.apache.camel.impl.engine.AbstractCamelContext.start(AbstractCamelContext.java:2690) ~[camel-base-engine-3.19.0.jar:3.19.0]
	at org.apache.camel.impl.DefaultCamelContext.start(DefaultCamelContext.java:262) ~[camel-core-engine-3.19.0.jar:3.19.0]
	at org.apache.camel.spring.SpringCamelContext.start(SpringCamelContext.java:119) ~[camel-spring-3.19.0.jar:3.19.0]
	at org.apache.camel.spring.SpringCamelContext.onApplicationEvent(SpringCamelContext.java:151) ~[camel-spring-3.19.0.jar:3.19.0]
	at org.springframework.context.event.SimpleApplicationEventMulticaster.doInvokeListener(SimpleApplicationEventMulticaster.java:176) ~[spring-context-5.3.24.jar:5.3.24]
	at org.springframework.context.event.SimpleApplicationEventMulticaster.invokeListener(SimpleApplicationEventMulticaster.java:169) ~[spring-context-5.3.24.jar:5.3.24]
	at org.springframework.context.event.SimpleApplicationEventMulticaster.multicastEvent(SimpleApplicationEventMulticaster.java:143) ~[spring-context-5.3.24.jar:5.3.24]
	at org.springframework.context.support.AbstractApplicationContext.publishEvent(AbstractApplicationContext.java:421) ~[spring-context-5.3.24.jar:5.3.24]
	at org.springframework.context.support.AbstractApplicationContext.publishEvent(AbstractApplicationContext.java:378) ~[spring-context-5.3.24.jar:5.3.24]
	at org.springframework.context.support.AbstractApplicationContext.finishRefresh(AbstractApplicationContext.java:938) ~[spring-context-5.3.24.jar:5.3.24]
	at org.springframework.context.support.AbstractApplicationContext.refresh(AbstractApplicationContext.java:586) ~[spring-context-5.3.24.jar:5.3.24]
	at org.springframework.boot.SpringApplication.refresh(SpringApplication.java:731) ~[spring-boot-2.7.7-SNAPSHOT.jar:2.7.7-SNAPSHOT]
	at org.springframework.boot.SpringApplication.refreshContext(SpringApplication.java:408) ~[spring-boot-2.7.7-SNAPSHOT.jar:2.7.7-SNAPSHOT]
	at org.springframework.boot.SpringApplication.run(SpringApplication.java:307) ~[spring-boot-2.7.7-SNAPSHOT.jar:2.7.7-SNAPSHOT]
	at org.springframework.boot.test.context.SpringBootContextLoader.loadContext(SpringBootContextLoader.java:136) ~[spring-boot-test-2.7.7-SNAPSHOT.jar:2.7.7-SNAPSHOT]
	at org.springframework.test.context.cache.DefaultCacheAwareContextLoaderDelegate.loadContextInternal(DefaultCacheAwareContextLoaderDelegate.java:141) ~[spring-test-5.3.24.jar:5.3.24]
	at org.springframework.test.context.cache.DefaultCacheAwareContextLoaderDelegate.loadContext(DefaultCacheAwareContextLoaderDelegate.java:90) ~[spring-test-5.3.24.jar:5.3.24]
	... 67 common frames omitted
Caused by: org.apache.camel.NoSuchEndpointException: No endpoint could be found for: C:///Users/pedro/Downloads/MOCK_DATA_RESULT, please check your classpath contains the needed Camel component jar.
	at org.apache.camel.impl.engine.AbstractCamelContext.doGetEndpoint(AbstractCamelContext.java:1015) ~[camel-base-engine-3.19.0.jar:3.19.0]
	at org.apache.camel.impl.engine.AbstractCamelContext.getEndpoint(AbstractCamelContext.java:891) ~[camel-base-engine-3.19.0.jar:3.19.0]
	at org.apache.camel.support.CamelContextHelper.resolveEndpoint(CamelContextHelper.java:127) ~[camel-support-3.19.0.jar:3.19.0]
	at org.apache.camel.reifier.SendReifier.resolveEndpoint(SendReifier.java:45) ~[camel-core-reifier-3.19.0.jar:3.19.0]
	at org.apache.camel.reifier.SendReifier.createProcessor(SendReifier.java:37) ~[camel-core-reifier-3.19.0.jar:3.19.0]
	at org.apache.camel.reifier.ProcessorReifier.makeProcessor(ProcessorReifier.java:847) ~[camel-core-reifier-3.19.0.jar:3.19.0]
	at org.apache.camel.reifier.ProcessorReifier.addRoutes(ProcessorReifier.java:588) ~[camel-core-reifier-3.19.0.jar:3.19.0]
	at org.apache.camel.reifier.RouteReifier.doCreateRoute(RouteReifier.java:237) ~[camel-core-reifier-3.19.0.jar:3.19.0]
	... 92 common frames omitted

]]></system-out>
  </testcase>
</testsuite>